<?xml version="1.0" encoding="UTF-8"?>
<!-- Generated by org.testng.reporters.JUnitReportReporter -->
<testsuite skipped="2" hostname="DESKTOP-D6VO719" name="com.training.uniform.tests.UniformTests_Medium" tests="3" failures="0" timestamp="12 Mar 2020 06:06:38 GMT" time="43.022" errors="0">
  <testcase name="changeOrder_Admin" time="43.022" classname="com.training.uniform.tests.UniformTests_Medium"/>
  <testcase name="viewOrderDetails" classname="com.training.uniform.tests.UniformTests_Medium">
    <skipped/>
  </testcase> <!-- viewOrderDetails -->
  <testcase name="validLoginTest" classname="com.training.uniform.tests.UniformTests_Medium">
    <skipped/>
  </testcase> <!-- validLoginTest -->
</testsuite> <!-- com.training.uniform.tests.UniformTests_Medium -->
