<?xml version="1.0" encoding="UTF-8"?>
<!-- Generated by org.testng.reporters.JUnitReportReporter -->
<testsuite skipped="3" hostname="DESKTOP-D6VO719" name="com.training.uniform.tests.UniformTests" tests="4" failures="0" timestamp="09 Mar 2020 07:29:38 GMT" time="36.731" errors="0">
  <testcase name="openReports_Sales_Orders" time="36.731" classname="com.training.uniform.tests.UniformTests"/>
  <testcase name="validLoginTest" classname="com.training.uniform.tests.UniformTests">
    <skipped/>
  </testcase> <!-- validLoginTest -->
  <testcase name="openReports_Sales_Tax" classname="com.training.uniform.tests.UniformTests">
    <skipped/>
  </testcase> <!-- openReports_Sales_Tax -->
  <testcase name="openReports_Sales_Shipping" classname="com.training.uniform.tests.UniformTests">
    <skipped/>
  </testcase> <!-- openReports_Sales_Shipping -->
</testsuite> <!-- com.training.uniform.tests.UniformTests -->
