<?xml version="1.0" encoding="UTF-8"?>
<!-- Generated by org.testng.reporters.JUnitReportReporter -->
<testsuite skipped="3" hostname="DESKTOP-D6VO719" name="com.training.uniform.tests.UniformTests" tests="4" failures="0" timestamp="04 Mar 2020 10:04:41 GMT" time="19.787" errors="0">
  <testcase name="openReports_Sales_Shipping" time="19.787" classname="com.training.uniform.tests.UniformTests"/>
  <testcase name="openReports_Sales_Orders" classname="com.training.uniform.tests.UniformTests">
    <skipped/>
  </testcase> <!-- openReports_Sales_Orders -->
  <testcase name="validLoginTest" classname="com.training.uniform.tests.UniformTests">
    <skipped/>
  </testcase> <!-- validLoginTest -->
  <testcase name="openReports_Sales_Tax" classname="com.training.uniform.tests.UniformTests">
    <skipped/>
  </testcase> <!-- openReports_Sales_Tax -->
</testsuite> <!-- com.training.uniform.tests.UniformTests -->
