<?xml version="1.0" encoding="UTF-8"?>
<!-- Generated by org.testng.reporters.JUnitReportReporter -->
<testsuite skipped="1" hostname="DESKTOP-D6VO719" name="com.training.uniform.tests.UniformTests" tests="2" failures="0" timestamp="03 Mar 2020 17:03:22 GMT" time="55.412" errors="0">
  <testcase name="openReports_Sales_Orders" time="55.412" classname="com.training.uniform.tests.UniformTests"/>
  <testcase name="validLoginTest" classname="com.training.uniform.tests.UniformTests">
    <skipped/>
  </testcase> <!-- validLoginTest -->
</testsuite> <!-- com.training.uniform.tests.UniformTests -->
